<?xml version="1.0" encoding="UTF-8"?>
<!-- Generated by org.testng.reporters.JUnitReportReporter -->
<testsuite hostname="DESKTOP-5MTP625" failures="0" tests="2" name="runners.TestRunner" time="18.254" errors="0" timestamp="2023-03-02T12:37:11 EET" skipped="0">
  <testcase classname="runners.TestRunner" name="runScenario" time="9.949"/>
  <system-out/>
  <testcase classname="runners.TestRunner" name="runScenario" time="8.305"/>
  <system-out/>
</testsuite> <!-- runners.TestRunner -->
